Base path: E:/Application English name/unity/unity3da/Editor/Data
Pipe name: \\.\pipe\UnityShaderCompiler-2-4748
Cmd: getPlatforms
Cmd: compileSnippet
  api=1 type=0 insize=3359 outsize=449 kw=WATER_REFRACTIVE ok=1
Cmd: compileSnippet
  api=0 type=0 insize=3359 outsize=743 kw=WATER_REFLECTIVE ok=1
Cmd: compileSnippet
  api=1 type=0 insize=3359 outsize=449 kw=WATER_REFLECTIVE ok=1
Cmd: compileSnippet
  api=4 type=0 insize=3359 outsize=2087 kw=WATER_REFLECTIVE ok=1
Cmd: compileSnippet
  api=8 type=0 insize=3359 outsize=3072 kw=WATER_REFLECTIVE ok=1
Cmd: compileSnippet
  api=0 type=0 insize=3359 outsize=636 kw=WATER_SIMPLE ok=1
Cmd: compileSnippet
  api=1 type=0 insize=3359 outsize=341 kw=WATER_SIMPLE ok=1
Cmd: compileSnippet
  api=8 type=0 insize=3359 outsize=2511 kw=WATER_SIMPLE ok=1
Cmd: compileSnippet
  api=1 type=1 insize=3359 outsize=810 kw=WATER_REFRACTIVE ok=1
Cmd: compileSnippet
  api=0 type=1 insize=3359 outsize=944 kw=WATER_REFLECTIVE ok=1
Cmd: compileSnippet
  api=1 type=1 insize=3359 outsize=756 kw=WATER_REFLECTIVE ok=1
Cmd: compileSnippet
  api=4 type=1 insize=3359 outsize=2566 kw=WATER_REFLECTIVE ok=1
Cmd: compileSnippet
  api=0 type=1 insize=3359 outsize=823 kw=WATER_SIMPLE ok=1
Cmd: compileSnippet
  api=4 type=1 insize=3359 outsize=2225 kw=WATER_SIMPLE ok=1
Cmd: compileSnippet
  api=8 type=1 insize=3359 outsize=3323 kw=WATER_SIMPLE ok=1
Cmd: compileSnippet
  api=1 type=0 insize=1135 outsize=272 kw= ok=1
Cmd: compileSnippet
  api=1 type=1 insize=1135 outsize=192 kw= ok=1
Cmd: compileSnippet
  api=8 type=1 insize=1135 outsize=1520 kw= ok=1
Cmd: compileSnippet
  api=1 type=0 insize=898 outsize=158 kw= ok=1
Cmd: compileSnippet
  api=1 type=1 insize=898 outsize=81 kw= ok=1
Cmd: compileSnippet
  api=8 type=1 insize=898 outsize=1048 kw= ok=1
Cmd: compileSnippet
  api=1 type=0 insize=867 outsize=316 kw= ok=1
Cmd: compileSnippet
  api=1 type=1 insize=867 outsize=29 kw= ok=1
Cmd: compileSnippet
  api=8 type=1 insize=867 outsize=675 kw= ok=1
Cmd: compileSnippet
  api=1 type=0 insize=834 outsize=316 kw= ok=1
Cmd: compileSnippet
  api=1 type=0 insize=1770 outsize=308 kw= ok=1
Cmd: compileSnippet
  api=8 type=0 insize=1770 outsize=2430 kw= ok=1
Cmd: compileSnippet
  api=1 type=1 insize=1770 outsize=351 kw= ok=1
Cmd: compileSnippet
  api=8 type=1 insize=1770 outsize=2040 kw= ok=1
Cmd: compileSnippet
  api=1 type=0 insize=1381 outsize=186 kw= ok=1
Cmd: compileSnippet
  api=1 type=1 insize=1381 outsize=462 kw= ok=1
Cmd: compileSnippet
  api=1 type=0 insize=2154 outsize=425 kw= ok=1
Cmd: compileSnippet
  api=1 type=1 insize=2154 outsize=461 kw= ok=1
Cmd: compileSnippet
  api=1 type=0 insize=1788 outsize=308 kw= ok=1
Cmd: compileSnippet
  api=1 type=1 insize=1788 outsize=362 kw= ok=1
Cmd: compileSnippet
  api=8 type=1 insize=1788 outsize=2064 kw= ok=1
Cmd: compileSnippet
  api=1 type=0 insize=2219 outsize=425 kw= ok=1
Cmd: compileSnippet
  api=1 type=1 insize=2219 outsize=430 kw= ok=1
Cmd: compileSnippet
  api=1 type=0 insize=1852 outsize=308 kw= ok=1
Cmd: compileSnippet
  api=1 type=1 insize=1852 outsize=331 kw= ok=1
Cmd: compileSnippet
  api=8 type=1 insize=1852 outsize=2032 kw= ok=1
Cmd: compileSnippet
  api=1 type=0 insize=924 outsize=158 kw= ok=1
Cmd: compileSnippet
  api=1 type=1 insize=924 outsize=104 kw= ok=1
Cmd: compileSnippet
  api=1 type=0 insize=2137 outsize=425 kw= ok=1
Cmd: compileSnippet
  api=1 type=1 insize=2137 outsize=450 kw= ok=1
Cmd: compileSnippet
  api=1 type=0 insize=1329 outsize=186 kw= ok=1
Cmd: compileSnippet
  api=8 type=0 insize=1329 outsize=1950 kw= ok=1
Cmd: compileSnippet
  api=1 type=1 insize=1329 outsize=215 kw= ok=1
Cmd: compileSnippet
  api=8 type=1 insize=1329 outsize=1682 kw= ok=1
Cmd: compileSnippet
  api=1 type=0 insize=1252 outsize=186 kw= ok=1
Cmd: compileSnippet
  api=8 type=0 insize=1252 outsize=1950 kw= ok=1
Cmd: compileSnippet
  api=1 type=1 insize=1252 outsize=246 kw= ok=1
Cmd: compileSnippet
  api=8 type=1 insize=1252 outsize=1715 kw= ok=1
Cmd: compileSnippet
  api=1 type=0 insize=1237 outsize=186 kw= ok=1
Cmd: compileSnippet
  api=1 type=1 insize=1237 outsize=217 kw= ok=1
Cmd: compileSnippet
  api=1 type=0 insize=2284 outsize=425 kw= ok=1
Cmd: compileSnippet
  api=1 type=1 insize=2284 outsize=695 kw= ok=1
Cmd: compileSnippet
  api=8 type=1 insize=2284 outsize=3494 kw= ok=1
Cmd: compileSnippet
  api=1 type=0 insize=882 outsize=158 kw= ok=1
Cmd: compileSnippet
  api=1 type=1 insize=882 outsize=81 kw= ok=1
Cmd: compileSnippet
  api=8 type=1 insize=882 outsize=1048 kw= ok=1
Cmd: compileSnippet
  api=1 type=0 insize=1051 outsize=158 kw= ok=1
Cmd: compileSnippet
  api=8 type=0 insize=1051 outsize=1690 kw= ok=1
Cmd: compileSnippet
  api=1 type=1 insize=1051 outsize=343 kw= ok=1
Cmd: compileSnippet
  api=1 type=0 insize=1917 outsize=308 kw= ok=1
Cmd: compileSnippet
  api=1 type=1 insize=1917 outsize=596 kw= ok=1
Unhandled exception: Readfile from pipe failed. GLE=管道已结束。


Quitting shader compiler process
